<?xml version="1.0" encoding="utf-8"?><testsuites name="pytest tests"><testsuite name="pytest" errors="0" failures="0" skipped="0" tests="23" time="7.240" timestamp="2026-08-21T05:07:46.794046+00:00" hostname="agent-env-b102f976-bd49-490a-ac59-3cab5864ae72"><testcase classname="tests.backend_test.TestComplaints" name="test_create_complaint_citizen" time="3.381" /><testcase classname="tests.backend_test.TestAdminRBAC" name="test_citizen_denied_analytics" time="2.231" /><testcase classname="tests.backend_test.TestAdminRBAC" name="test_citizen_denied_departments" time="0.167" /><testcase classname="tests.backend_test.TestAdminRBAC" name="test_citizen_denied_system_logs" time="0.194" /><testcase classname="tests.backend_test.TestAdminRBAC" name="test_admin_analytics" time="0.392" /><testcase classname="tests.backend_test.TestAdminRBAC" name="test_admin_departments" time="0.125" /><testcase classname="tests.backend_test.TestAdminRBAC" name="test_admin_wards" time="0.117" /><testcase classname="tests.backend_test.TestAdminRBAC" name="test_admin_system_logs" time="0.142" /><testcase classname="tests.backend_test.TestAuth" name="test_login_citizen_success" time="0.297" /><testcase classname="tests.backend_test.TestComplaints" name="test_citizen_sees_only_own" time="0.291" /><testcase classname="tests.backend_test.TestAuth" name="test_login_admin_success" time="0.284" /><testcase classname="tests.backend_test.TestAuth" name="test_login_wrong_password" time="0.475" /><testcase classname="tests.backend_test.TestComplaints" name="test_admin_sees_all" time="0.749" /><testcase classname="tests.backend_test.TestComplaints" name="test_citizen_cannot_update_status" time="0.293" /><testcase classname="tests.backend_test.TestAuth" name="test_register_new_citizen" time="0.298" /><testcase classname="tests.backend_test.TestComplaints" name="test_admin_update_status_with_proof" time="0.174" /><testcase classname="tests.backend_test.TestAuth" name="test_me_with_bearer" time="0.100" /><testcase classname="tests.backend_test.TestPublic" name="test_public_stats" time="0.114" /><testcase classname="tests.backend_test.TestComplaints" name="test_admin_assign_department" time="0.101" /><testcase classname="tests.backend_test.TestPublic" name="test_public_categories" time="0.098" /><testcase classname="tests.backend_test.TestNotifications" name="test_citizen_notifications" time="0.112" /><testcase classname="tests.backend_test.TestAI" name="test_analyze_hindi" time="1.615" /><testcase classname="tests.backend_test.TestNotifications" name="test_mark_all_read" time="0.231" /></testsuite></testsuites>